camera       cam1
pixel_dim      640   480 
world_dim      8.0   6.0 
view_point     4.0   3.0   8.0



material     white 
ambient        1.0   1.0   1.0 
diffuse       11.0  11.0  11.0 
specular       0.0 

shininess      0.0 

transparency   0.0 


material     green 
ambient        0.0   0.0   0.0 
diffuse        0.0   8.0   2.0 
specular       0.0 

shininess      0.0 

transparency   0.8 

plane        backwall 
material     white 
normal         0.0   0.0   1.0 
point          0.0   0.0  -8.0 

sphere       ball 
material     green 
center         4.0   3.0  -4.0 
radius         2.0

light        left 
location       0.0   3.0   3.0 
emissivity     5.0   5.0   5.0 

light        right 
location       8.0   3.0   3.0 
emissivity     5.0   5.0   5.0 

