camera       cam1
pixel_dim      640   480 
world_dim      8.0   6.0 
view_point     4.0   4.0   4.0



material     white 
ambient        2.0   2.0   2.0 
diffuse        5.0   5.0   5.0 
specular       0.0 

shininess      0.0 

transparency   0.0 


material     green 
ambient        0.0   2.0   0.0 
diffuse        0.0   5.0   0.0 
specular       0.0 

shininess      0.0 

transparency   0.0 


material     yellow 
ambient        0.0   0.0  12.0 
diffuse        5.0   5.0   0.0 
specular       0.0 

shininess      0.0 

transparency   0.0 

plane        floor 
material     white 
normal         0.0   1.0   0.0 
point          0.0   0.0   0.0 

fplane       ceiling 
material     yellow 
normal         0.0  -0.7   0.7 
point          1.0   3.0  -6.0 
dimensions     6.0   3.0
xdir           1.0   0.0   0.0
projected      1.0   0.0   0.0
rotation matrix
               1.000   0.000   0.000
              -0.000   0.707   0.707
               0.000  -0.707   0.707

light        center_red 
location       4.0   8.0  -2.0 
emissivity     5.0   1.0   1.0 

light        left_blue 
location       2.0   8.0   0.0 
emissivity     1.0   1.0   5.0 

light        right_green 
location       6.0   8.0   0.0 
emissivity     1.0   5.0   1.0 

