camera      cam1        
pixeldim      640  480
worlddim      8.0  6.0
viewpoint     4.0  3.0  8.0

material     white 
ambient        1.0   1.0   1.0 
diffuse        2.0   2.0   2.0 
specular       0.0 

shininess      0.0 

transparency   0.0 


material     brown 
ambient        1.0   1.0   1.0 
diffuse        3.0   3.0   0.0 
specular       0.0 

shininess      0.0 

transparency   0.0 


material     cyan 
ambient        1.0   1.0   1.0 
diffuse        0.0   3.0   3.0 
specular       0.0 

shininess      0.0 

transparency   0.0 

tplane       left 
material     white 
normal       0.9  0.0  0.5
point        0.0  0.0  0.0
Dimensions   0.5   1.0
Altmaterial brown      

tplane       right 
material     cyan 
normal      -0.9  0.0  0.5
point        4.0  0.0 -6.9
Dimensions   1.0   0.5
Altmaterial white      

Light        center 
Emissivity     9.0   9.0   9.0 
Location       4.0   3.0   2.0 
