camera      cam1        
pixeldim      640  480
worlddim      8.0  6.0
viewpoint     4.0  3.0  4.0

material     gray 
ambient        0.0   0.0   0.0 
diffuse        7.0   7.0   7.0 
specular       0.0 

shininess      0.0 

transparency   0.0 


material     red 
ambient        0.0   0.0   0.0 
diffuse        2.0   0.5   0.5 
specular       0.0 

shininess      0.0 

transparency   0.0 

plane        backwall 
material     gray 
normal       0.0  0.0  1.0
point        0.0  0.0 -4.0

sphere       shadowmaker 
material     red 
center       4.0  3.0 -2.0
radius       1.5

Light        pinkfront 
Emissivity     8.0   5.0   5.0 
Location       4.0   3.0   4.0 
