camera      cam1        
pixeldim      640  480
worlddim      8.0  6.0
viewpoint     4.0  3.0  8.0

material     whitespec 
ambient        1.0   1.0   1.0 
diffuse        3.0   3.0   3.0 
specular       1.0 

shininess      0.0 

transparency   0.0 


material     white 
ambient        1.0   1.0   1.0 
diffuse        3.0   3.0   3.0 
specular       0.0 

shininess      0.0 

transparency   0.0 


material     red 
ambient        2.0   1.0   1.0 
diffuse        5.0   1.0   1.0 
specular       0.0 

shininess      0.0 

transparency   0.0 


material     green 
ambient        1.0   2.0   1.0 
diffuse        1.0   5.0   1.0 
specular       0.0 

shininess      0.0 

transparency   0.0 


material     black 
ambient        0.0   0.0   0.0 
diffuse        0.0   0.0   0.0 
specular       0.0 

shininess      0.0 

transparency   0.0 

sphere       center 
material     whitespec 
center       4.0  2.0 -2.0
radius       1.0

tplane       floor 
material     white 
normal       0.0  1.0  0.0
point        0.0  0.0  0.0
Dimensions   0.5   1.0
Altmaterial black      

plane        ceiling 
material     white 
normal       0.0  1.0  0.0
point        0.0  6.0  0.0

plane        left 
material     red 
normal       0.9  0.0  0.5
point        0.0  0.0  0.0
xdir         1.0  0.0  0.0
Dimensions   8.0   7.0
rotation matrix 
  0.5  0.0 -0.9
 -0.0  1.0  0.0
  0.9  0.0  0.5

plane        right 
material     green 
normal      -0.9  0.0  0.5
point        4.0  0.0 -6.9
xdir         1.0  0.0  0.0
Dimensions   8.0   7.0
rotation matrix 
  0.5  0.0  0.9
  0.0  1.0 -0.0
 -0.9  0.0  0.5

plane        mirror 
material     whitespec 
normal      -0.9  0.0  0.5
point        4.5  4.0 -6.9
xdir         1.0  0.0  0.0
Dimensions   3.0   2.0
rotation matrix 
  0.5  0.0  0.9
  0.0  1.0 -0.0
 -0.9  0.0  0.5

Light        center 
Emissivity     9.0   9.0   9.0 
Location       4.0   5.0  -2.0 
