camera      cam1        
pixeldim      800  600
worlddim      8.0  6.0
viewpoint     4.0  3.0  4.0

material     blue 
ambient        0.0   0.0   0.0 
diffuse        0.0   0.0   8.0 
specular       1.0 

shininess    250.0 

transparency   0.0 


material     mirror 
ambient        0.0   0.0   0.0 
diffuse        0.0   0.0   0.0 
specular       1.0 

shininess    250.0 

transparency   0.0 


material     gray 
ambient        0.0   0.0   0.0 
diffuse        6.0   6.0   6.0 
specular       0.0 

shininess      0.0 

transparency   0.0 


material     red 
ambient        0.0   0.0   0.0 
diffuse        8.0   0.0   0.0 
specular       0.0 

shininess      0.0 

transparency   0.0 

sphere       shadowmaker 
material     mirror 
center       4.0  3.0 -6.0
radius       4.0

tplane       floor 
material     red 
normal       0.0  1.0  0.0
point        0.0 -1.0  0.0
Dimensions   1.0   1.0
Altmaterial gray       

Light        pinkfront 
Emissivity     6.0   5.0   5.0 
Location      10.0   8.0   4.0 
Light        cyanfront 
Emissivity     4.0   6.0   5.0 
Location      -2.0   0.0   4.0 
