camera      cam1        
pixeldim      640  480
worlddim      8.0  6.0
viewpoint     4.0  3.0  8.0

material     white 
ambient        1.0   1.0   1.0 
diffuse       11.0  11.0  11.0 
specular       0.0 

shininess      0.0 

transparency   0.0 


material     green 
ambient        0.0   0.0   0.0 
diffuse        0.0   8.0   2.0 
specular       0.0 

shininess      0.0 

transparency   0.8 

plane        backwall 
material     white 
normal       0.0  0.0  1.0
point        0.0  0.0 -8.0

sphere       ball 
material     green 
center       4.0  3.0 -4.0
radius       2.0

Light        left 
Emissivity     5.0   5.0   5.0 
Location       0.0   3.0   3.0 
Light        right 
Emissivity     5.0   5.0   5.0 
Location       8.0   3.0   3.0 
