camera       cam1
pixel_dim      800   600 
world_dim     12.0   9.0 
view_point     6.0   3.0  10.0



material     oak_tex 
ambient        1.0   1.0   1.0 
diffuse        5.0   5.0   5.0 
specular       0.6 

shininess      0.0 

transparency   0.0 


material     brick_tex 
ambient        6.0   6.0   6.0 
diffuse        4.0   4.0   4.0 
specular       0.0 

shininess      0.0 

transparency   0.0 


material     mike_tex 
ambient        4.0   4.0   4.0 
diffuse        4.0   4.0   4.0 
specular       0.0 

shininess      0.0 

transparency   0.0 


material     gold 
ambient        1.0   1.0   0.0 
diffuse        4.0   4.0   0.0 
specular       0.4 

shininess      0.0 

transparency   0.2 


material     gray-green 
ambient        1.0   1.0   1.0 
diffuse        4.0   6.0   4.0 
specular       0.4 

shininess      0.0 

transparency   0.0 


material     see_thru 
ambient        0.0   0.0   0.0 
diffuse        4.0   4.0   4.0 
specular       0.0 

shininess      0.0 

transparency   0.6 

texplane     oak_floor 
material     oak_tex 
normal         0.0   1.0   0.0 
point         -6.0   0.0   0.0 
dimensions    24.0  10.0
xdir           1.0   0.0   0.0
projected      1.0   0.0   0.0
rotation matrix
               1.000   0.000   0.000
               0.000   0.000  -1.000
               0.000   1.000   0.000
texname      oak             
mode             1

texplane     brick_wall 
material     brick_tex 
normal         0.0   0.0   1.0 
point         -8.0  -2.0  -8.0 
dimensions    30.0  24.0
xdir           1.0   0.0   0.0
projected      1.0   0.0   0.0
rotation matrix
               1.000   0.000   0.000
               0.000   1.000   0.000
               0.000   0.000   1.000
texname      brick           
mode             1

texplane     oak_frame 
material     mike_tex 
normal         0.0   0.0   1.0 
point          2.6   4.6  -8.0 
dimensions     6.8   8.8
xdir           1.0   0.0   0.0
projected      1.0   0.0   0.0
rotation matrix
               1.000   0.000   0.000
               0.000   1.000   0.000
               0.000   0.000   1.000
texname      oak             
mode             1

sphere       center 
material     see_thru 
center         6.0   4.5  -3.0 
radius         2.0

sphere       left 
material     see_thru 
center         5.0   3.5  -3.0 
radius         2.0

sphere       right 
material     see_thru 
center         7.0   3.5  -3.0 
radius         2.0

texplane     mike_pic 
material     mike_tex 
normal         0.0   0.0   1.0 
point          3.0   5.0  -7.9 
dimensions     6.0   8.0
xdir           1.0   0.0   0.0
projected      1.0   0.0   0.0
rotation matrix
               1.000   0.000   0.000
               0.000   1.000   0.000
               0.000   0.000   1.000
texname      mike            
mode             0

light        center 
location       6.0   8.0   0.0 
emissivity    14.0  14.0  14.0 

light        left 
location       0.0   8.0  -4.0 
emissivity     8.0   8.0   8.0 

light        right 
location      12.0   8.0  -4.0 
emissivity     8.0   8.0   8.0 

