camera       cam1
pixel_dim      800   600 
world_dim      8.0   6.0 
view_point     4.0   3.0   6.0



material     white 
ambient        0.0   0.0   0.0 
diffuse        6.0   6.0   6.0 
specular       0.0 

shininess      0.0 

transparency   0.0 

plane        floor 
material     white 
normal         0.0   1.0   0.0 
point          0.0   0.0   0.0 

light        red 
location       0.0   4.0   0.0 
emissivity    10.0   0.0   0.0 
direction      0.6  -0.6  -0.5 
halfwidth     15.0   

light        green 
location       4.0   4.0   4.0 
emissivity     0.0  10.0   0.0 
direction      0.0  -0.5  -0.9 
halfwidth     15.0   

light        blue 
location       8.0   4.0   0.0 
emissivity     0.0   0.0  10.0 
direction     -0.6  -0.6  -0.5 
halfwidth     14.0   

