camera       cam1
pixel_dim      640   480 
world_dim      8.0   6.0 
view_point     4.0   3.0   7.0



material     gray 
ambient        1.0   1.0   1.0 
diffuse        4.0   4.0   4.0 
specular       0.0 

shininess      0.0 

transparency   0.0 


material     gold 
ambient        1.0   1.0   0.0 
diffuse        3.0   3.0   0.0 
specular       0.0 

shininess      0.0 

transparency   0.0 

revsurf      cone 
material     gold 
surfer           1 
direction      0.0   1.0   0.0 
base           4.0   0.0  -4.0 

light        mid_left 
location       2.0   4.0   0.0 
emissivity     2.0   2.0   2.0 

light        mid_right 
location       6.0   4.0   0.0 
emissivity     2.0   2.0   2.0 

light        mid_center 
location       6.0   4.0   0.0 
emissivity     3.0   3.0   3.0 

