camera       cam1
pixel_dim      640   480 
world_dim      8.0   6.0 
view_point     4.0   3.0  12.0



material     gray 
ambient        1.0   1.0   1.0 
diffuse        5.0   5.0   5.0 
specular       0.0 

shininess      0.0 

transparency   0.0 


material     gold 
ambient        1.0   1.0   0.0 
diffuse        4.0   4.0   0.0 
specular       0.0 

shininess      0.0 

transparency   0.0 

revsurf      vase 
material     gold 
surfer           3 
direction      0.0   1.0   0.0 
base           4.0   0.0  -4.0 

plane        floor 
material     gray 
normal         0.0   1.0   0.0 
point          0.0   0.0   0.0 

light        mid_left 
location      -0.0   8.0  -4.0 
emissivity     6.0   1.0   2.0 

light        mid_right 
location       8.0   8.0  -4.0 
emissivity     2.0   1.0   6.0 

light        mid_center 
location       4.0   8.0   3.0 
emissivity     9.0   9.0   9.0 

