camera       cam1
pixel_dim      640   480 
world_dim      8.0   6.0 
view_point     4.0   3.0   4.0



material     white 
ambient        0.0   0.0   0.0 
diffuse        8.0   8.0   8.0 
specular       0.0 

shininess      0.0 

transparency   0.0 

sphere       center 
material     white 
center         4.0   3.0  -6.0 
radius         4.0

light        front 
location       4.0   3.0   2.0 
emissivity     3.0   3.0   3.0 
projector     
normal         0.0   0.0   1.0 
point          2.0   1.5   0.0 
dimensions     4.0   3.0
xdir           1.0   0.0   0.0
projected      1.0   0.0   0.0
rotation matrix
               1.000   0.000   0.000
               0.000   1.000   0.000
               0.000   0.000   1.000
texname      mike            
mode             0

