camera       cam1
pixel_dim      800   600 
world_dim      8.0   6.0 
view_point     4.0   4.0   4.0



material     white 
ambient        2.0   2.0   2.0 
diffuse        5.0   5.0   5.0 
specular       0.0 

shininess      0.0 

transparency   0.0 

sphere       center 
material     white 
center         4.0   3.0  -6.0 
radius         4.0

light        center_red 
location       4.0   3.0   0.0 
emissivity     1.0   1.0   1.0 

light        top 
location       4.0  12.0  -6.0 
emissivity     5.0   5.0   5.0 

