camera       cam1
pixel_dim      640   480 
world_dim      8.0   6.0 
view_point     4.0   3.0   3.0



material     white 
ambient        1.0   1.0   1.0 
diffuse        3.0   3.0   3.0 
specular       0.8 

shininess      0.0 

transparency   0.0 


material     green 
ambient        0.0   0.0   0.0 
diffuse        1.0   6.0   1.0 
specular       0.0 

shininess      0.0 

transparency   0.0 

plane        floor 
material     white 
normal         0.0   1.0   0.0 
point          0.0   0.0   0.0 

plane        back 
material     green 
normal         0.0   0.0   1.0 
point          0.0   0.0  -6.0 

light        center 
location       4.0  10.0   0.0 
emissivity     5.0   5.0   5.0 

