camera       cam1
pixel_dim      640   480 
world_dim      8.0   6.0 
view_point     4.0   3.0   8.0



material     white 
ambient        1.0   1.0   1.0 
diffuse        3.0   3.0   3.0 
specular       1.0 

shininess      0.0 

transparency   0.0 


material     green 
ambient        0.0   0.0   0.0 
diffuse        1.0   3.0   1.0 
specular       1.0 

shininess    200.0 

transparency   0.0 

sphere       left 
material     green 
center         4.0   3.0  -2.0 
radius         1.0

plane        floor 
material     white 
normal         0.0   1.0   0.0 
point          0.0   0.0   0.0 

plane        ceiling 
material     white 
normal         0.0  -1.0   0.0 
point          0.0   6.0   0.0 

fplane       left 
material     white 
normal         0.9   0.0   0.5 
point          0.0   0.0   0.0 
dimensions     8.0   6.0
xdir           1.0   0.0   0.0
projected      0.5   0.0  -0.9
rotation matrix
               0.500   0.000  -0.866
              -0.000   1.000   0.000
               0.866   0.000   0.500

fplane       right 
material     white 
normal        -0.9   0.0   0.5 
point          4.0   0.0  -6.9 
dimensions     8.0   6.0
xdir           1.0   0.0   0.0
projected      0.5   0.0   0.9
rotation matrix
               0.500   0.000   0.866
               0.000   1.000  -0.000
              -0.866   0.000   0.500

light        center 
location       4.0   3.0   0.0 
emissivity     3.0   3.0   3.0 

light        top 
location       4.0   5.5  -3.0 
emissivity     1.0   1.0   1.0 

