camera       cam1
pixel_dim      640   480 
world_dim      8.0   6.0 
view_point     4.0   3.0   8.0



material     white 
ambient        1.0   1.0   1.0 
diffuse        2.0   2.0   2.0 
specular       0.0 

shininess      0.0 

transparency   0.0 


material     brown 
ambient        1.0   1.0   1.0 
diffuse        3.0   3.0   0.0 
specular       0.0 

shininess      0.0 

transparency   0.0 


material     cyan 
ambient        1.0   1.0   1.0 
diffuse        0.0   3.0   3.0 
specular       0.0 

shininess      0.0 

transparency   0.0 

tplane       left 
material     white 
normal         0.9   0.0   0.5 
point          0.0   0.0   0.0 
dimensions     0.5   1.0
xdir           1.0   1.0   0.0
projected      0.2   0.9  -0.4

tplane       right 
material     cyan 
normal        -0.9   0.0   0.5 
point          4.0   0.0  -6.9 
dimensions     1.0   0.5
xdir           1.0   1.0   0.0
projected      0.2   0.9   0.4

light        center 
location       4.0   3.0   2.0 
emissivity     9.0   9.0   9.0 

